0 info it worked if it ends with ok
1 verbose cli [ '/usr/bin/nodejs', '/usr/bin/npm', 'start' ]
2 info using npm@3.5.2
3 info using node@v4.2.6
4 verbose run-script [ 'prestart', 'start', 'poststart' ]
5 info lifecycle facebook_bot@1.0.0~prestart: facebook_bot@1.0.0
6 silly lifecycle facebook_bot@1.0.0~prestart: no script for prestart, continuing
7 info lifecycle facebook_bot@1.0.0~start: facebook_bot@1.0.0
8 verbose lifecycle facebook_bot@1.0.0~start: unsafe-perm in lifecycle true
9 verbose lifecycle facebook_bot@1.0.0~start: PATH: /usr/share/npm/bin/node-gyp-bin:/home/skorponx/nodeExamples/facebookBot/node_modules/.bin:/home/skorponx/anaconda3/bin:/home/skorponx/bin:/home/skorponx/.local/bin:/usr/local/sbin:/usr/local/bin:/usr/sbin:/usr/bin:/sbin:/bin:/usr/games:/usr/local/games:/snap/bin:/usr/lib/jvm/java-8-oracle/bin:/usr/lib/jvm/java-8-oracle/db/bin:/usr/lib/jvm/java-8-oracle/jre/bin:/home/skorponx/spark-2.1.0-bin-hadoop2.6/bin:/home/skorponx/apache-tomcat-7.0.54/bin
10 verbose lifecycle facebook_bot@1.0.0~start: CWD: /home/skorponx/nodeExamples/facebookBot
11 silly lifecycle facebook_bot@1.0.0~start: Args: [ '-c', 'node webhook.js' ]
12 silly lifecycle facebook_bot@1.0.0~start: Returned: code: 1  signal: null
13 info lifecycle facebook_bot@1.0.0~start: Failed to exec start script
14 verbose stack Error: facebook_bot@1.0.0 start: `node webhook.js`
14 verbose stack Exit status 1
14 verbose stack     at EventEmitter.<anonymous> (/usr/share/npm/lib/utils/lifecycle.js:232:16)
14 verbose stack     at emitTwo (events.js:87:13)
14 verbose stack     at EventEmitter.emit (events.js:172:7)
14 verbose stack     at ChildProcess.<anonymous> (/usr/share/npm/lib/utils/spawn.js:24:14)
14 verbose stack     at emitTwo (events.js:87:13)
14 verbose stack     at ChildProcess.emit (events.js:172:7)
14 verbose stack     at maybeClose (internal/child_process.js:821:16)
14 verbose stack     at Process.ChildProcess._handle.onexit (internal/child_process.js:211:5)
15 verbose pkgid facebook_bot@1.0.0
16 verbose cwd /home/skorponx/nodeExamples/facebookBot
17 error Linux 4.10.0-33-generic
18 error argv "/usr/bin/nodejs" "/usr/bin/npm" "start"
19 error node v4.2.6
20 error npm  v3.5.2
21 error code ELIFECYCLE
22 error facebook_bot@1.0.0 start: `node webhook.js`
22 error Exit status 1
23 error Failed at the facebook_bot@1.0.0 start script 'node webhook.js'.
23 error Make sure you have the latest version of node.js and npm installed.
23 error If you do, this is most likely a problem with the facebook_bot package,
23 error not with npm itself.
23 error Tell the author that this fails on your system:
23 error     node webhook.js
23 error You can get information on how to open an issue for this project with:
23 error     npm bugs facebook_bot
23 error Or if that isn't available, you can get their info via:
23 error     npm owner ls facebook_bot
23 error There is likely additional logging output above.
24 verbose exit [ 1, true ]
